[[1;34mINFO[m] Scanning for projects...
[[1;34mINFO[m] 
[[1;34mINFO[m] [1m-----------------------< [0;36mcom.farmtrade:backend[0;1m >------------------------[m
[[1;34mINFO[m] [1mBuilding farmer-retailer-platform 0.0.1-SNAPSHOT[m
[[1;34mINFO[m]   from pom.xml
[[1;34mINFO[m] [1m--------------------------------[ jar ]---------------------------------[m
[[1;34mINFO[m] 
[[1;34mINFO[m] [1m--- [0;32mclean:3.3.2:clean[m [1m(default-clean)[m @ [36mbackend[0;1m ---[m
[[1;34mINFO[m] Deleting /home/suyog/Desktop/Farmer To Retailer Trading Platform/target
[[1;34mINFO[m] 
[[1;34mINFO[m] [1m>>> [0;32mspring-boot:3.2.2:run[m [1m(default-cli)[0;1m > [0;1mtest-compile[m @ [36mbackend[0;1m >>>[m
[[1;34mINFO[m] 
[[1;34mINFO[m] [1m--- [0;32mresources:3.3.1:resources[m [1m(default-resources)[m @ [36mbackend[0;1m ---[m
[[1;34mINFO[m] Copying 1 resource from src/main/resources to target/classes
[[1;34mINFO[m] Copying 0 resource from src/main/resources to target/classes
[[1;34mINFO[m] 
[[1;34mINFO[m] [1m--- [0;32mcompiler:3.11.0:compile[m [1m(default-compile)[m @ [36mbackend[0;1m ---[m
[[1;34mINFO[m] Changes detected - recompiling the module! :source
[[1;34mINFO[m] Compiling 27 source files with javac [debug release 21] to target/classes
[[1;34mINFO[m] 
[[1;34mINFO[m] [1m--- [0;32mresources:3.3.1:testResources[m [1m(default-testResources)[m @ [36mbackend[0;1m ---[m
[[1;34mINFO[m] skip non existing resourceDirectory /home/suyog/Desktop/Farmer To Retailer Trading Platform/src/test/resources
[[1;34mINFO[m] 
[[1;34mINFO[m] [1m--- [0;32mcompiler:3.11.0:testCompile[m [1m(default-testCompile)[m @ [36mbackend[0;1m ---[m
[[1;34mINFO[m] Changes detected - recompiling the module! :dependency
[[1;34mINFO[m] Compiling 1 source file with javac [debug release 21] to target/test-classes
[[1;34mINFO[m] 
[[1;34mINFO[m] [1m<<< [0;32mspring-boot:3.2.2:run[m [1m(default-cli)[0;1m < [0;1mtest-compile[m @ [36mbackend[0;1m <<<[m
[[1;34mINFO[m] 
[[1;34mINFO[m] 
[[1;34mINFO[m] [1m--- [0;32mspring-boot:3.2.2:run[m [1m(default-cli)[m @ [36mbackend[0;1m ---[m
[[1;34mINFO[m] Attaching agents: []

  .   ____          _            __ _ _
 /\\ / ___'_ __ _ _(_)_ __  __ _ \ \ \ \
( ( )\___ | '_ | '_| | '_ \/ _` | \ \ \ \
 \\/  ___)| |_)| | | | | || (_| |  ) ) ) )
  '  |____| .__|_| |_|_| |_\__, | / / / /
 =========|_|==============|___/=/_/_/_/
 :: Spring Boot ::                (v3.2.2)

2026-02-11T18:16:44.417+05:30  INFO 11964 --- [FarmerRetailerPlatform] [           main] c.f.b.FarmerRetailerPlatformApplication  : Starting FarmerRetailerPlatformApplication using Java 21.0.9 with PID 11964 (/home/suyog/Desktop/Farmer To Retailer Trading Platform/target/classes started by suyog in /home/suyog/Desktop/Farmer To Retailer Trading Platform)
2026-02-11T18:16:44.419+05:30  INFO 11964 --- [FarmerRetailerPlatform] [           main] c.f.b.FarmerRetailerPlatformApplication  : No active profile set, falling back to 1 default profile: "default"
2026-02-11T18:16:44.890+05:30  INFO 11964 --- [FarmerRetailerPlatform] [           main] .s.d.r.c.RepositoryConfigurationDelegate : Bootstrapping Spring Data JPA repositories in DEFAULT mode.
2026-02-11T18:16:44.970+05:30  INFO 11964 --- [FarmerRetailerPlatform] [           main] .s.d.r.c.RepositoryConfigurationDelegate : Finished Spring Data repository scanning in 74 ms. Found 3 JPA repository interfaces.
2026-02-11T18:16:45.463+05:30  INFO 11964 --- [FarmerRetailerPlatform] [           main] o.s.b.w.embedded.tomcat.TomcatWebServer  : Tomcat initialized with port 8080 (http)
2026-02-11T18:16:45.473+05:30  INFO 11964 --- [FarmerRetailerPlatform] [           main] o.apache.catalina.core.StandardService   : Starting service [Tomcat]
2026-02-11T18:16:45.473+05:30  INFO 11964 --- [FarmerRetailerPlatform] [           main] o.apache.catalina.core.StandardEngine    : Starting Servlet engine: [Apache Tomcat/10.1.18]
2026-02-11T18:16:45.521+05:30  INFO 11964 --- [FarmerRetailerPlatform] [           main] o.a.c.c.C.[Tomcat].[localhost].[/]       : Initializing Spring embedded WebApplicationContext
2026-02-11T18:16:45.522+05:30  INFO 11964 --- [FarmerRetailerPlatform] [           main] w.s.c.ServletWebServerApplicationContext : Root WebApplicationContext: initialization completed in 1077 ms
2026-02-11T18:16:45.626+05:30  INFO 11964 --- [FarmerRetailerPlatform] [           main] o.hibernate.jpa.internal.util.LogHelper  : HHH000204: Processing PersistenceUnitInfo [name: default]
2026-02-11T18:16:45.656+05:30  INFO 11964 --- [FarmerRetailerPlatform] [           main] org.hibernate.Version                    : HHH000412: Hibernate ORM core version 6.4.1.Final
2026-02-11T18:16:45.675+05:30  INFO 11964 --- [FarmerRetailerPlatform] [           main] o.h.c.internal.RegionFactoryInitiator    : HHH000026: Second-level cache disabled
2026-02-11T18:16:45.791+05:30  INFO 11964 --- [FarmerRetailerPlatform] [           main] o.s.o.j.p.SpringPersistenceUnitInfo      : No LoadTimeWeaver setup: ignoring JPA class transformer
2026-02-11T18:16:45.811+05:30  INFO 11964 --- [FarmerRetailerPlatform] [           main] com.zaxxer.hikari.HikariDataSource       : HikariPool-1 - Starting...
2026-02-11T18:16:46.080+05:30  INFO 11964 --- [FarmerRetailerPlatform] [           main] com.zaxxer.hikari.pool.HikariPool        : HikariPool-1 - Added connection org.postgresql.jdbc.PgConnection@5ab63a04
2026-02-11T18:16:46.082+05:30  INFO 11964 --- [FarmerRetailerPlatform] [           main] com.zaxxer.hikari.HikariDataSource       : HikariPool-1 - Start completed.
2026-02-11T18:16:46.118+05:30  WARN 11964 --- [FarmerRetailerPlatform] [           main] org.hibernate.orm.deprecation            : HHH90000025: PostgreSQLDialect does not need to be specified explicitly using 'hibernate.dialect' (remove the property setting and it will be selected by default)
2026-02-11T18:16:46.846+05:30  INFO 11964 --- [FarmerRetailerPlatform] [           main] o.h.e.t.j.p.i.JtaPlatformInitiator       : HHH000489: No JTA platform available (set 'hibernate.transaction.jta.platform' to enable JTA platform integration)
Hibernate: create table order_items (id bigserial not null, price_per_unit numeric(38,2), quantity integer, order_id bigint not null, product_id bigint not null, primary key (id))
Hibernate: create table orders (id bigserial not null, order_date timestamp(6), status varchar(255) check (status in ('PENDING','CONFIRMED','SHIPPED','DELIVERED','CANCELLED')), total_amount numeric(38,2), retailer_id bigint not null, primary key (id))
Hibernate: create table products (id bigserial not null, description varchar(255), name varchar(255), price numeric(38,2), quantity integer check (quantity>=0), farmer_id bigint not null, primary key (id))
Hibernate: create table users (id bigserial not null, contact_info varchar(255), full_name varchar(255), password varchar(255), role varchar(255) check (role in ('FARMER','RETAILER')), username varchar(255), primary key (id))
Hibernate: alter table if exists users drop constraint if exists UK_r43af9ap4edm43mmtq01oddj6
2026-02-11T18:16:46.890+05:30  WARN 11964 --- [FarmerRetailerPlatform] [           main] o.h.engine.jdbc.spi.SqlExceptionHelper   : SQL Warning Code: 0, SQLState: 00000
2026-02-11T18:16:46.890+05:30  WARN 11964 --- [FarmerRetailerPlatform] [           main] o.h.engine.jdbc.spi.SqlExceptionHelper   : constraint "uk_r43af9ap4edm43mmtq01oddj6" of relation "users" does not exist, skipping
Hibernate: alter table if exists users add constraint UK_r43af9ap4edm43mmtq01oddj6 unique (username)
Hibernate: alter table if exists order_items add constraint FKbioxgbv59vetrxe0ejfubep1w foreign key (order_id) references orders
Hibernate: alter table if exists order_items add constraint FKocimc7dtr037rh4ls4l95nlfi foreign key (product_id) references products
Hibernate: alter table if exists orders add constraint FKgwg9a1tjvj29xe4y5mwpn0mpu foreign key (retailer_id) references users
Hibernate: alter table if exists products add constraint FKrh8ldn7kusub8s0oraf2dh4sj foreign key (farmer_id) references users
2026-02-11T18:16:46.900+05:30  INFO 11964 --- [FarmerRetailerPlatform] [           main] j.LocalContainerEntityManagerFactoryBean : Initialized JPA EntityManagerFactory for persistence unit 'default'
2026-02-11T18:16:47.259+05:30  WARN 11964 --- [FarmerRetailerPlatform] [           main] JpaBaseConfiguration$JpaWebConfiguration : spring.jpa.open-in-view is enabled by default. Therefore, database queries may be performed during view rendering. Explicitly configure spring.jpa.open-in-view to disable this warning
2026-02-11T18:16:47.452+05:30  INFO 11964 --- [FarmerRetailerPlatform] [           main] o.s.s.web.DefaultSecurityFilterChain     : Will secure any request with [org.springframework.security.web.session.DisableEncodeUrlFilter@35d62807, org.springframework.security.web.context.request.async.WebAsyncManagerIntegrationFilter@6fc03cf6, org.springframework.security.web.context.SecurityContextHolderFilter@1c96bf1e, org.springframework.security.web.header.HeaderWriterFilter@23e1f610, org.springframework.web.filter.CorsFilter@6e70861, org.springframework.security.web.authentication.logout.LogoutFilter@1d01fa0c, com.farmtrade.backend.config.AuthTokenFilter@71689ee2, org.springframework.security.web.savedrequest.RequestCacheAwareFilter@14764fdd, org.springframework.security.web.servletapi.SecurityContextHolderAwareRequestFilter@402fdef1, org.springframework.security.web.authentication.AnonymousAuthenticationFilter@5fcff272, org.springframework.security.web.session.SessionManagementFilter@78839c2e, org.springframework.security.web.access.ExceptionTranslationFilter@13d1653, org.springframework.security.web.access.intercept.AuthorizationFilter@78723798]
2026-02-11T18:16:47.632+05:30  INFO 11964 --- [FarmerRetailerPlatform] [           main] o.s.b.w.embedded.tomcat.TomcatWebServer  : Tomcat started on port 8080 (http) with context path ''
2026-02-11T18:16:47.638+05:30  INFO 11964 --- [FarmerRetailerPlatform] [           main] c.f.b.FarmerRetailerPlatformApplication  : Started FarmerRetailerPlatformApplication in 3.476 seconds (process running for 3.699)
2026-02-11T18:17:16.817+05:30  INFO 11964 --- [FarmerRetailerPlatform] [nio-8080-exec-1] o.a.c.c.C.[Tomcat].[localhost].[/]       : Initializing Spring DispatcherServlet 'dispatcherServlet'
2026-02-11T18:17:16.817+05:30  INFO 11964 --- [FarmerRetailerPlatform] [nio-8080-exec-1] o.s.web.servlet.DispatcherServlet        : Initializing Servlet 'dispatcherServlet'
2026-02-11T18:17:16.820+05:30  INFO 11964 --- [FarmerRetailerPlatform] [nio-8080-exec-1] o.s.web.servlet.DispatcherServlet        : Completed initialization in 3 ms
Hibernate: select u1_0.id from users u1_0 where u1_0.username=? fetch first ? rows only
Hibernate: insert into users (contact_info,full_name,password,role,username) values (?,?,?,?,?)
Hibernate: select u1_0.id,u1_0.contact_info,u1_0.full_name,u1_0.password,u1_0.role,u1_0.username from users u1_0 where u1_0.username=?
2026-02-11T18:22:23.140+05:30  INFO 11964 --- [FarmerRetailerPlatform] [ionShutdownHook] j.LocalContainerEntityManagerFactoryBean : Closing JPA EntityManagerFactory for persistence unit 'default'
2026-02-11T18:22:23.142+05:30  INFO 11964 --- [FarmerRetailerPlatform] [ionShutdownHook] com.zaxxer.hikari.HikariDataSource       : HikariPool-1 - Shutdown initiated...
2026-02-11T18:22:23.151+05:30  INFO 11964 --- [FarmerRetailerPlatform] [ionShutdownHook] com.zaxxer.hikari.HikariDataSource       : HikariPool-1 - Shutdown completed.
